<?xml version="1.0" encoding="UTF-8"?>
<!-- Generated by org.testng.reporters.JUnitXMLReporter -->
<testsuite ignored="0" hostname="LAPTOP-F4JAG1TB" failures="0" tests="5" name="Default test" time="49.026" errors="0" timestamp="2022-12-22T17:39:10 IST">
  <testcase classname="testcases.TC005" name="testcase1" time="18.454"/>
  <testcase classname="testcases.TC004" name="testcase1" time="8.006"/>
  <testcase classname="testcases.TC003" name="testcase1" time="8.048"/>
  <testcase classname="testcases.TC002" name="testcase1" time="7.367"/>
  <testcase classname="testcases.TC001" name="testcase1" time="6.94"/>
</testsuite> <!-- Default test -->
