<?xml version="1.0" encoding="UTF-8"?>
<testng-results ignored="0" total="1" passed="1" failed="0" skipped="0">
  <reporter-output>
  </reporter-output>
  <suite started-at="2022-12-20T23:40:48 IST" name="Default suite" finished-at="2022-12-20T23:41:08 IST" duration-ms="19945">
    <groups>
    </groups>
    <test started-at="2022-12-20T23:40:48 IST" name="Default test" finished-at="2022-12-20T23:41:08 IST" duration-ms="19945">
      <class name="testcases.TC001">
        <test-method signature="testcase1()[pri:0, instance:testcases.TC001@2145b572]" started-at="2022-12-20T23:40:48 IST" name="testcase1" finished-at="2022-12-20T23:41:08 IST" duration-ms="19854" status="PASS">
          <reporter-output>
          </reporter-output>
        </test-method> <!-- testcase1 -->
      </class> <!-- testcases.TC001 -->
    </test> <!-- Default test -->
  </suite> <!-- Default suite -->
</testng-results>
